2026-03-12 14:55:15,589 - __main__ - INFO - ============================================================
2026-03-12 14:55:15,606 - __main__ - INFO - ============================================================
2026-03-12 14:55:35,282 - __main__ - INFO -    Surface: 0.5 ha
2026-03-12 14:55:35,282 - __main__ - INFO -    Population estimée: 5,000 plants
2026-03-12 14:55:35,282 - __main__ - INFO -    Coordonnées: 4.56, 12.57
2026-03-12 14:55:35,282 - __main__ - INFO - 
============================================================
2026-03-12 14:55:35,283 - __main__ - INFO - ============================================================
2026-03-12 14:58:38,870 - modules.satellite_real - INFO -    Min: 0.20, Max: 0.63, Moy: 0.49
2026-03-12 14:58:38,876 - __main__ - INFO -    Dimensions: (335, 336)
2026-03-12 14:58:38,877 - __main__ - INFO -    NDVI min: 0.20, max: 0.63, moy: 0.49
2026-03-12 14:58:38,879 - modules.satellite_real - INFO -    Pixels malades: 776/112560 (0.7%)
2026-03-12 14:58:38,879 - modules.satellite_real - INFO -    Surface estimée: 7.76 hectares
2026-03-12 14:59:00,376 - __main__ - INFO -    Date image: 2026-01-12
2026-03-12 14:59:00,376 - __main__ - INFO -    Pixels analysés: 112560
2026-03-12 14:59:00,376 - __main__ - INFO -    Pixels malades: 776
2026-03-12 14:59:00,376 - __main__ - INFO -    Taux d'infection: 0.7%
2026-03-12 14:59:00,377 - __main__ - INFO -    Surface infectée: 0.00 ha
2026-03-12 14:59:00,377 - __main__ - INFO -    Plants infectés: 34
2026-03-12 14:59:00,377 - __main__ - INFO - 
============================================================
2026-03-12 14:59:00,379 - __main__ - INFO - ============================================================
2026-03-12 14:59:01,818 - __main__ - INFO -    Température: 26.6°C
2026-03-12 14:59:01,818 - __main__ - INFO -    Humidité: 64%
2026-03-12 14:59:01,818 - __main__ - INFO -    Vent: 1.8 m/s
2026-03-12 14:59:01,818 - __main__ - INFO - 
============================================================
2026-03-12 14:59:01,819 - __main__ - INFO - ============================================================
2026-03-12 14:59:01,820 - modules.spread_model - INFO -    Température: x0.98
2026-03-12 14:59:01,821 - modules.spread_model - INFO -    Humidité: x0.92
2026-03-12 14:59:01,821 - modules.spread_model - INFO -    Vent: x1.09
2026-03-12 14:59:01,821 - modules.spread_model - INFO -    Nouveau beta: 0.293 (original: 0.300)
2026-03-12 14:59:01,831 - __main__ - INFO -    Augmentation ŕ 7 jours: +38%
2026-03-12 14:59:01,831 - __main__ - INFO -    Infectés maintenant: 34
2026-03-12 14:59:01,831 - __main__ - INFO -    Infectés dans 7 jours: 47
2026-03-12 14:59:01,831 - __main__ - INFO -    Action: Surveillance renforcée - Préparez des traitements
2026-03-12 14:59:12,986 - __main__ - INFO - 
============================================================
2026-03-12 14:59:12,989 - __main__ - INFO - ============================================================
2026-03-12 15:01:35,802 - __main__ - INFO - ============================================================
2026-03-12 15:01:35,805 - __main__ - INFO - ============================================================
2026-03-12 15:01:59,569 - __main__ - INFO -    Surface: 0.5 ha
2026-03-12 15:01:59,569 - __main__ - INFO -    Population estimée: 5,000 plants
2026-03-12 15:01:59,569 - __main__ - INFO -    Coordonnées: 4.56, 12.57
2026-03-12 15:01:59,569 - __main__ - INFO - 
============================================================
2026-03-12 15:01:59,572 - __main__ - INFO - ============================================================
2026-03-12 15:04:23,716 - modules.satellite_real - INFO -    Min: 0.20, Max: 0.63, Moy: 0.49
2026-03-12 15:04:23,718 - __main__ - INFO -    Dimensions: (335, 336)
2026-03-12 15:04:23,719 - __main__ - INFO -    NDVI min: 0.20, max: 0.63, moy: 0.49
2026-03-12 15:04:23,720 - modules.satellite_real - INFO -    Pixels malades: 776/112560 (0.7%)
2026-03-12 15:04:23,721 - modules.satellite_real - INFO -    Surface estimée: 7.76 hectares
2026-03-12 15:23:17,508 - __main__ - INFO -    Date image: 2026-01-12
2026-03-12 15:23:17,509 - __main__ - INFO -    Pixels analysés: 112560
2026-03-12 15:23:17,509 - __main__ - INFO -    Pixels malades: 776
2026-03-12 15:23:17,509 - __main__ - INFO -    Taux d'infection: 0.7%
2026-03-12 15:23:17,509 - __main__ - INFO -    Surface infectée: 0.00 ha
2026-03-12 15:23:17,509 - __main__ - INFO -    Plants infectés: 34
2026-03-12 15:23:17,509 - __main__ - INFO - 
============================================================
2026-03-12 15:23:17,511 - __main__ - INFO - ============================================================
2026-03-12 15:23:19,972 - __main__ - INFO -    Température: 26.6°C
2026-03-12 15:23:19,972 - __main__ - INFO -    Humidité: 64%
2026-03-12 15:23:19,973 - __main__ - INFO -    Vent: 1.8 m/s
2026-03-12 15:23:19,973 - __main__ - INFO - 
============================================================
2026-03-12 15:23:19,973 - __main__ - INFO - ============================================================
2026-03-12 15:23:19,974 - modules.spread_model - INFO -    Température: x0.98
2026-03-12 15:23:19,974 - modules.spread_model - INFO -    Humidité: x0.92
2026-03-12 15:23:19,974 - modules.spread_model - INFO -    Vent: x1.09
2026-03-12 15:23:19,974 - modules.spread_model - INFO -    Nouveau beta: 0.293 (original: 0.300)
2026-03-12 15:23:19,983 - __main__ - INFO -    Augmentation ŕ 7 jours: +38%
2026-03-12 15:23:19,984 - __main__ - INFO -    Infectés maintenant: 34
2026-03-12 15:23:19,984 - __main__ - INFO -    Infectés dans 7 jours: 47
2026-03-12 15:23:19,984 - __main__ - INFO -    Action: Surveillance renforcée - Préparez des traitements
2026-03-12 15:25:32,314 - __main__ - INFO - 
============================================================
2026-03-12 15:25:32,316 - __main__ - INFO - ============================================================
2026-03-12 15:25:32,326 - __main__ - INFO - 
============================================================
2026-03-12 15:25:32,327 - __main__ - INFO - ============================================================
